<?xml version="1.0" encoding="UTF-8"?>
<testng-results ignored="0" total="4" passed="3" failed="1" skipped="0">
  <reporter-output>
  </reporter-output>
  <suite started-at="2019-06-10T20:32:19Z" name="Suite" finished-at="2019-06-10T20:33:11Z" duration-ms="52609">
    <groups>
    </groups>
    <test started-at="2019-06-10T20:32:19Z" name="Validating navigation bar" finished-at="2019-06-10T20:32:33Z" duration-ms="14104">
      <class name="Academy.ValidateBar">
        <test-method is-config="true" signature="initialize()[pri:0, instance:Academy.ValidateBar@535779e4]" started-at="2019-06-10T20:32:19Z" name="initialize" finished-at="2019-06-10T20:32:29Z" duration-ms="10705" status="PASS">
          <reporter-output>
          </reporter-output>
        </test-method> <!-- initialize -->
        <test-method signature="basePageNavigation()[pri:0, instance:Academy.ValidateBar@535779e4]" started-at="2019-06-10T20:32:29Z" name="basePageNavigation" finished-at="2019-06-10T20:32:32Z" duration-ms="3101" status="PASS">
          <reporter-output>
          </reporter-output>
        </test-method> <!-- basePageNavigation -->
        <test-method is-config="true" signature="tearDown()[pri:0, instance:Academy.ValidateBar@535779e4]" started-at="2019-06-10T20:32:32Z" name="tearDown" finished-at="2019-06-10T20:32:33Z" duration-ms="269" status="PASS">
          <reporter-output>
          </reporter-output>
        </test-method> <!-- tearDown -->
      </class> <!-- Academy.ValidateBar -->
    </test> <!-- Validating navigation bar -->
    <test started-at="2019-06-10T20:32:33Z" name="Validating user login" finished-at="2019-06-10T20:33:00Z" duration-ms="27668">
      <class name="Academy.HomePage">
        <test-method is-config="true" signature="initialize()[pri:0, instance:Academy.HomePage@294a6b8e]" started-at="2019-06-10T20:32:33Z" name="initialize" finished-at="2019-06-10T20:32:35Z" duration-ms="2615" status="PASS">
          <reporter-output>
          </reporter-output>
        </test-method> <!-- initialize -->
        <test-method signature="basePageNavigation(java.lang.String, java.lang.String, java.lang.String)[pri:0, instance:Academy.HomePage@294a6b8e]" started-at="2019-06-10T20:32:35Z" name="basePageNavigation" data-provider="getData" finished-at="2019-06-10T20:32:51Z" duration-ms="15574" status="PASS">
          <params>
            <param index="0">
              <value>
                <![CDATA[nonresc@gamia.com]]>
              </value>
            </param>
            <param index="1">
              <value>
                <![CDATA[nonresctriced]]>
              </value>
            </param>
            <param index="2">
              <value>
                <![CDATA[text1]]>
              </value>
            </param>
          </params>
          <reporter-output>
          </reporter-output>
        </test-method> <!-- basePageNavigation -->
        <test-method signature="basePageNavigation(java.lang.String, java.lang.String, java.lang.String)[pri:0, instance:Academy.HomePage@294a6b8e]" started-at="2019-06-10T20:32:51Z" name="basePageNavigation" data-provider="getData" finished-at="2019-06-10T20:33:00Z" duration-ms="9262" status="PASS">
          <params>
            <param index="0">
              <value>
                <![CDATA[sddc@gamia.com]]>
              </value>
            </param>
            <param index="1">
              <value>
                <![CDATA[gscxcsg]]>
              </value>
            </param>
            <param index="2">
              <value>
                <![CDATA[text2]]>
              </value>
            </param>
          </params>
          <reporter-output>
          </reporter-output>
        </test-method> <!-- basePageNavigation -->
        <test-method is-config="true" signature="tearDown()[pri:0, instance:Academy.HomePage@294a6b8e]" started-at="2019-06-10T20:33:00Z" name="tearDown" finished-at="2019-06-10T20:33:00Z" duration-ms="205" status="PASS">
          <reporter-output>
          </reporter-output>
        </test-method> <!-- tearDown -->
      </class> <!-- Academy.HomePage -->
    </test> <!-- Validating user login -->
    <test started-at="2019-06-10T20:33:00Z" name="Validateing Title Page" finished-at="2019-06-10T20:33:11Z" duration-ms="10727">
      <class name="Academy.ValidateTitle">
        <test-method is-config="true" signature="initialize()[pri:0, instance:Academy.ValidateTitle@525575]" started-at="2019-06-10T20:33:00Z" name="initialize" finished-at="2019-06-10T20:33:10Z" duration-ms="9850" status="PASS">
          <reporter-output>
          </reporter-output>
        </test-method> <!-- initialize -->
        <test-method signature="ValidateTitle()[pri:0, instance:Academy.ValidateTitle@525575]" started-at="2019-06-10T20:33:10Z" name="ValidateTitle" finished-at="2019-06-10T20:33:10Z" duration-ms="81" status="FAIL">
          <exception class="java.lang.AssertionError">
            <message>
              <![CDATA[expected [FEATURED COURSES123] but found [FEATURED COURSES]]]>
            </message>
            <full-stacktrace>
              <![CDATA[java.lang.AssertionError: expected [FEATURED COURSES123] but found [FEATURED COURSES]
at org.testng.Assert.fail(Assert.java:96)
at org.testng.Assert.failNotEquals(Assert.java:776)
at org.testng.Assert.assertEqualsImpl(Assert.java:137)
at org.testng.Assert.assertEquals(Assert.java:118)
at org.testng.Assert.assertEquals(Assert.java:453)
at org.testng.Assert.assertEquals(Assert.java:463)
at Academy.ValidateTitle.ValidateTitle(ValidateTitle.java:35)
at java.base/jdk.internal.reflect.NativeMethodAccessorImpl.invoke0(Native Method)
at java.base/jdk.internal.reflect.NativeMethodAccessorImpl.invoke(NativeMethodAccessorImpl.java:62)
at java.base/jdk.internal.reflect.DelegatingMethodAccessorImpl.invoke(DelegatingMethodAccessorImpl.java:43)
at java.base/java.lang.reflect.Method.invoke(Method.java:566)
at org.testng.internal.MethodInvocationHelper.invokeMethod(MethodInvocationHelper.java:124)
at org.testng.internal.Invoker.invokeMethod(Invoker.java:583)
at org.testng.internal.Invoker.invokeTestMethod(Invoker.java:719)
at org.testng.internal.Invoker.invokeTestMethods(Invoker.java:989)
at org.testng.internal.TestMethodWorker.invokeTestMethods(TestMethodWorker.java:125)
at org.testng.internal.TestMethodWorker.run(TestMethodWorker.java:109)
at org.testng.TestRunner.privateRun(TestRunner.java:648)
at org.testng.TestRunner.run(TestRunner.java:505)
at org.testng.SuiteRunner.runTest(SuiteRunner.java:455)
at org.testng.SuiteRunner.runSequentially(SuiteRunner.java:450)
at org.testng.SuiteRunner.privateRun(SuiteRunner.java:415)
at org.testng.SuiteRunner.run(SuiteRunner.java:364)
at org.testng.SuiteRunnerWorker.runSuite(SuiteRunnerWorker.java:52)
at org.testng.SuiteRunnerWorker.run(SuiteRunnerWorker.java:84)
at org.testng.TestNG.runSuitesSequentially(TestNG.java:1208)
at org.testng.TestNG.runSuitesLocally(TestNG.java:1137)
at org.testng.TestNG.runSuites(TestNG.java:1049)
at org.testng.TestNG.run(TestNG.java:1017)
at org.testng.remote.AbstractRemoteTestNG.run(AbstractRemoteTestNG.java:115)
at org.testng.remote.RemoteTestNG.initAndRun(RemoteTestNG.java:251)
at org.testng.remote.RemoteTestNG.main(RemoteTestNG.java:77)
]]>
            </full-stacktrace>
          </exception> <!-- java.lang.AssertionError -->
          <reporter-output>
          </reporter-output>
        </test-method> <!-- ValidateTitle -->
        <test-method is-config="true" signature="tearDown()[pri:0, instance:Academy.ValidateTitle@525575]" started-at="2019-06-10T20:33:11Z" name="tearDown" finished-at="2019-06-10T20:33:11Z" duration-ms="190" status="PASS">
          <reporter-output>
          </reporter-output>
        </test-method> <!-- tearDown -->
      </class> <!-- Academy.ValidateTitle -->
    </test> <!-- Validateing Title Page -->
  </suite> <!-- Suite -->
</testng-results>
